<?xml version="1.0" encoding="UTF-8"?>
<!-- Generated by org.testng.reporters.JUnitReportReporter -->
<testsuite hostname="LAPTOP-FL97G1RP" failures="0" tests="1" name="com.qa.testcases.Experiment" time="10.544" errors="0" timestamp="2023-06-15T06:53:07 IST" skipped="0">
  <testcase classname="com.qa.testcases.Experiment" name="verifyCustomerIdWithoutData" time="10.544"/>
  <system-out/>
</testsuite> <!-- com.qa.testcases.Experiment -->
